Importer Log Report
Project : 23-0001.PrjPcb

Section : Import Document - G:\My Drive\Projects\SOLARIS\PCBs\23-0001\imported\MAX485CSA.lia
    Section : PCB Library - MAX485CSA.PcbLib
        Section : Load Messages
            Warning - 1 : Skipping Token MAX485CSA On Line 125
            Warning - 1 : Skipping Token attachedSymbol On Line 232
        EndSection
    EndSection

    Section : SCH Library - MAX485CSA.SchLib
        Section : Parsing Messages
            Warning - 1 : Skipping Token padStyleDef On Line 9
            Warning - 1 : Skipping Token multiLayer On Line 84
            Warning - 1 : Skipping Token layerContents On Line 94
            Warning - 1 : Skipping Token layerContents On Line 103
            Warning - 1 : Skipping Token layerContents On Line 112
            Warning - 1 : Skipping Token layerContents On Line 118
        EndSection
    EndSection
EndSection
