Removed Pin From Net: NetName=SCL Pin=R1-1
Removed Pin From Net: NetName=+3.3V Pin=R1-2
Removed Pin From Net: NetName=SDA Pin=R2-1
Removed Pin From Net: NetName=+3.3V Pin=R2-2
Removed Pin From Net: NetName=5V Pin=R3-1
Removed Member From Class: ClassName=Sheet1 Member=R3
Added Component: Designator=C3(1608[0603])
Added Component: Designator=R5(J1-0603)
Added Component: Designator=R6(J1-0603)
Added Pin To Net: NetName=GND Pin=C2-1
Added Pin To Net: NetName=5V Pin=C2-2
Added Pin To Net: NetName=5V Pin=R1-1
Added Pin To Net: NetName=TX1 Pin=R1-2
Added Pin To Net: NetName=5V Pin=R2-1
Added Pin To Net: NetName=SCL Pin=R1-1
Added Pin To Net: NetName=+3.3V Pin=R1-2
Added Pin To Net: NetName=SDA Pin=R2-1
Added Pin To Net: NetName=+3.3V Pin=R2-2
Added Pin To Net: NetName=EN485 Pin=R2-2
Added Pin To Net: NetName=EN485 Pin=U1-2
Added Pin To Net: NetName=EN485 Pin=U1-3
Added Pin To Net: NetName=EN485 Pin=U2-24
Added Net: Name=EN485
Added Member To Class: ClassName=Sheet1 Member=Component C3 Cap Semi
Added Member To Class: ClassName=Sheet1 Member=Component R5 Res3
Added Member To Class: ClassName=Sheet1 Member=Component R6 Res3
